Using pre-set license
Built from '2020.3/staging' branch; Version is '2020.3.13f1 (71691879b7f5) revision 7432472'; Using compiler version '192528614'; Build Type 'Release'
OS: 'Windows 10 Pro; OS build 19044.1645; Version 2009; 64bit' Language: 'en' Physical Memory: 8036 MB
BatchMode: 1, IsHumanControllingUs: 0, StartBugReporterOnCrash: 0, Is64bit: 1, IsPro: 0

 COMMAND LINE ARGUMENTS:
C:\Program Files\Unity\Hub\Editor\2020.3.13f1\Editor\Unity.exe
-adb2
-batchMode
-noUpm
-name
AssetImportWorker0
-projectPath
C:/Users/friki/Desktop/Clase/MUS/ProyectoPokemon/EscenaUnity/EscenaUnity
-logFile
Logs/AssetImportWorker0.log
-srvPort
55609
Successfully changed project path to: C:/Users/friki/Desktop/Clase/MUS/ProyectoPokemon/EscenaUnity/EscenaUnity
C:/Users/friki/Desktop/Clase/MUS/ProyectoPokemon/EscenaUnity/EscenaUnity
Using Asset Import Pipeline V2.
Refreshing native plugins compatible for Editor in 80.54 ms, found 7 plugins.
Preloading 0 native plugins for Editor in 0.00 ms.
Initialize engine version: 2020.3.13f1 (71691879b7f5)
[Subsystems] Discovering subsystems at path C:/Program Files/Unity/Hub/Editor/2020.3.13f1/Editor/Data/Resources/UnitySubsystems
[Subsystems] Discovering subsystems at path C:/Users/friki/Desktop/Clase/MUS/ProyectoPokemon/EscenaUnity/EscenaUnity/Assets
GfxDevice: creating device client; threaded=0
Direct3D:
    Version:  Direct3D 11.0 [level 11.1]
    Renderer: NVIDIA GeForce GTX 1050 Ti (ID=0x1c8c)
    Vendor:   
    VRAM:     4021 MB
    Driver:   30.0.14.9649
Initialize mono
Mono path[0] = 'C:/Program Files/Unity/Hub/Editor/2020.3.13f1/Editor/Data/Managed'
Mono path[1] = 'C:/Program Files/Unity/Hub/Editor/2020.3.13f1/Editor/Data/MonoBleedingEdge/lib/mono/unityjit'
Mono config path = 'C:/Program Files/Unity/Hub/Editor/2020.3.13f1/Editor/Data/MonoBleedingEdge/etc'
Using monoOptions --debugger-agent=transport=dt_socket,embedding=1,server=y,suspend=n,address=127.0.0.1:56764
Begin MonoManager ReloadAssembly
Registering precompiled unity dll's ...
Register platform support module: C:/Program Files/Unity/Hub/Editor/2020.3.13f1/Editor/Data/PlaybackEngines/WindowsStandaloneSupport/UnityEditor.WindowsStandalone.Extensions.dll
Registered in 0.002602 seconds.
Native extension for WindowsStandalone target not found
Refreshing native plugins compatible for Editor in 53.56 ms, found 7 plugins.
Preloading 0 native plugins for Editor in 0.00 ms.
Mono: successfully reloaded assembly
- Completed reload, in  1.361 seconds
Platform modules already initialized, skipping
Registering precompiled user dll's ...
Registered in 0.010335 seconds.
Begin MonoManager ReloadAssembly
Native extension for WindowsStandalone target not found
Refreshing native plugins compatible for Editor in 1.17 ms, found 7 plugins.
Preloading 0 native plugins for Editor in 0.00 ms.
Mono: successfully reloaded assembly
- Completed reload, in  1.281 seconds
Platform modules already initialized, skipping
========================================================================
Worker process is ready to serve import requests
Launched and connected shader compiler UnityShaderCompiler.exe after 0.06 seconds
Refreshing native plugins compatible for Editor in 1.05 ms, found 7 plugins.
Preloading 0 native plugins for Editor in 0.00 ms.
Unloading 1723 Unused Serialized files (Serialized files now loaded: 0)
System memory in use before: 76.7 MB.
System memory in use after: 76.8 MB.

Unloading 82 unused Assets to reduce memory usage. Loaded Objects now: 2099.
Total: 3.000900 ms (FindLiveObjects: 0.196100 ms CreateObjectMapping: 0.062200 ms MarkObjects: 2.589500 ms  DeleteObjects: 0.151100 ms)

AssetImportParameters requested are different than current active one (requested -> active):
  custom:framework-win-MediaFoundation: 216162199b28c13a410421893ffa2e32 -> 
  custom:video-decoder-ogg-theora: a1e56fd34408186e4bbccfd4996cb3dc -> 
  custom:container-muxer-webm: aa71ff27fc2769a1b78a27578f13a17b -> 
  custom:container-demuxer-webm: 4f35f7cbe854078d1ac9338744f61a02 -> 
  custom:container-demuxer-ogg: 62fdf1f143b41e24485cea50d1cbac27 -> 
  custom:video-encoder-webm-vp8: eb34c28f22e8b96e1ab97ce403110664 -> 
  custom:video-decoder-webm-vp8: 9c59270c3fd7afecdb556c50c9e8de78 -> 
  custom:audio-decoder-ogg-vorbis: bf7c407c2cedff20999df2af8eb42d56 -> 
  custom:audio-encoder-webm-vorbis: bf7c407c2cedff20999df2af8eb42d56 -> 
========================================================================
Received Import Request.
  path: Assets/Game/Trainers/Jorge con el Perro.prefab
  artifactKey: Guid(95a246503733134449fe8a2b911a0a0f) Importer(815301076,1909f56bfc062723c751e8b465ee728b)
Start importing Assets/Game/Trainers/Jorge con el Perro.prefab using Guid(95a246503733134449fe8a2b911a0a0f) Importer(815301076,1909f56bfc062723c751e8b465ee728b)  -> (artifact id: '624f8d78398b2a95d5805c4fe682ccde') in 0.083736 seconds 
  Import took 0.089984 seconds .

========================================================================
Received Import Request.
  Time since last request: 0.000377 seconds.
  path: Assets/Game/Trainers/Blaine.prefab
  artifactKey: Guid(17398f3f7006dea42a6d5ab840bacf39) Importer(815301076,1909f56bfc062723c751e8b465ee728b)
Start importing Assets/Game/Trainers/Blaine.prefab using Guid(17398f3f7006dea42a6d5ab840bacf39) Importer(815301076,1909f56bfc062723c751e8b465ee728b)  -> (artifact id: 'b727a749b09d744da32d7f7e20536b50') in 0.025034 seconds 
  Import took 0.029530 seconds .

========================================================================
Received Import Request.
  Time since last request: 0.000289 seconds.
  path: Assets/Game/Trainers/Player vs Jorge con el Perro.prefab
  artifactKey: Guid(922875f4c60e6f74e8007248a1b1accc) Importer(815301076,1909f56bfc062723c751e8b465ee728b)
Start importing Assets/Game/Trainers/Player vs Jorge con el Perro.prefab using Guid(922875f4c60e6f74e8007248a1b1accc) Importer(815301076,1909f56bfc062723c751e8b465ee728b)  -> (artifact id: '8d1cb610ea4df335fdbef5bfa129ae3a') in 0.021137 seconds 
  Import took 0.024952 seconds .

========================================================================
Received Import Request.
  Time since last request: 0.000274 seconds.
  path: Assets/Game/Trainers/Player vs Lorelei.prefab
  artifactKey: Guid(3304e53de54130d4bb1db3d84810caea) Importer(815301076,1909f56bfc062723c751e8b465ee728b)
Start importing Assets/Game/Trainers/Player vs Lorelei.prefab using Guid(3304e53de54130d4bb1db3d84810caea) Importer(815301076,1909f56bfc062723c751e8b465ee728b)  -> (artifact id: '1dca51b8b916c30ae4b9a291ed9c3b84') in 0.017755 seconds 
  Import took 0.021504 seconds .

========================================================================
Received Import Request.
  Time since last request: 0.000314 seconds.
  path: Assets/Game/Trainers/Player vs PriorityBoss.prefab
  artifactKey: Guid(cc703c8ac4edd3f4d950f7c81cccf334) Importer(815301076,1909f56bfc062723c751e8b465ee728b)
Start importing Assets/Game/Trainers/Player vs PriorityBoss.prefab using Guid(cc703c8ac4edd3f4d950f7c81cccf334) Importer(815301076,1909f56bfc062723c751e8b465ee728b)  -> (artifact id: '41090c13a23b300ed7d89482b7f99d48') in 0.011359 seconds 
  Import took 0.015119 seconds .

========================================================================
Received Import Request.
  Time since last request: 0.000330 seconds.
  path: Assets/Game/Trainers/Player vs Blaine.prefab
  artifactKey: Guid(61b71317e9219904bbf77a8b87fd4d0f) Importer(815301076,1909f56bfc062723c751e8b465ee728b)
Start importing Assets/Game/Trainers/Player vs Blaine.prefab using Guid(61b71317e9219904bbf77a8b87fd4d0f) Importer(815301076,1909f56bfc062723c751e8b465ee728b)  -> (artifact id: 'f3066b8aab2d80a0a4f6728f900351ce') in 0.021779 seconds 
  Import took 0.026004 seconds .

========================================================================
Received Import Request.
  Time since last request: 0.000371 seconds.
  path: Assets/Game/Trainers/Lorelei.prefab
  artifactKey: Guid(a43d3a91aac92524d91719a53a336963) Importer(815301076,1909f56bfc062723c751e8b465ee728b)
Start importing Assets/Game/Trainers/Lorelei.prefab using Guid(a43d3a91aac92524d91719a53a336963) Importer(815301076,1909f56bfc062723c751e8b465ee728b)  -> (artifact id: '4413f274be385f19826785c23b1dd3da') in 0.102860 seconds 
  Import took 0.107606 seconds .

========================================================================
Received Import Request.
  Time since last request: 0.000333 seconds.
  path: Assets/Game/Trainers/PriorityBoss.prefab
  artifactKey: Guid(0b3d46818ffc59b4bb22617d32702275) Importer(815301076,1909f56bfc062723c751e8b465ee728b)
Start importing Assets/Game/Trainers/PriorityBoss.prefab using Guid(0b3d46818ffc59b4bb22617d32702275) Importer(815301076,1909f56bfc062723c751e8b465ee728b)  -> (artifact id: 'ee52d980c0fa09afa36444820dcfc0b1') in 0.023356 seconds 
  Import took 0.027335 seconds .

========================================================================
Received Import Request.
  Time since last request: 27.355487 seconds.
  path: Assets/Scenes/Sans2.unity
  artifactKey: Guid(6ce62f29218e22846b4422dced0f9398) Importer(815301076,1909f56bfc062723c751e8b465ee728b)
Start importing Assets/Scenes/Sans2.unity using Guid(6ce62f29218e22846b4422dced0f9398) Importer(815301076,1909f56bfc062723c751e8b465ee728b)  -> (artifact id: '7249cfe30d2545c019b3d63d6afc543e') in 0.011582 seconds 
  Import took 0.016574 seconds .

========================================================================
Received Prepare
Registering precompiled user dll's ...
Registered in 0.013915 seconds.
Begin MonoManager ReloadAssembly
Native extension for WindowsStandalone target not found
Refreshing native plugins compatible for Editor in 1.40 ms, found 7 plugins.
Preloading 0 native plugins for Editor in 0.00 ms.
Mono: successfully reloaded assembly
- Completed reload, in  1.825 seconds
Platform modules already initialized, skipping
Refreshing native plugins compatible for Editor in 1.46 ms, found 7 plugins.
Preloading 0 native plugins for Editor in 0.00 ms.
Unloading 1711 Unused Serialized files (Serialized files now loaded: 0)
System memory in use before: 76.0 MB.
System memory in use after: 76.1 MB.

Unloading 77 unused Assets to reduce memory usage. Loaded Objects now: 2102.
Total: 2.801900 ms (FindLiveObjects: 0.199900 ms CreateObjectMapping: 0.059500 ms MarkObjects: 2.488100 ms  DeleteObjects: 0.053000 ms)

AssetImportParameters requested are different than current active one (requested -> active):
  custom:framework-win-MediaFoundation: 216162199b28c13a410421893ffa2e32 -> 
  custom:video-decoder-ogg-theora: a1e56fd34408186e4bbccfd4996cb3dc -> 
  custom:container-muxer-webm: aa71ff27fc2769a1b78a27578f13a17b -> 
  custom:container-demuxer-webm: 4f35f7cbe854078d1ac9338744f61a02 -> 
  custom:container-demuxer-ogg: 62fdf1f143b41e24485cea50d1cbac27 -> 
  custom:video-encoder-webm-vp8: eb34c28f22e8b96e1ab97ce403110664 -> 
  custom:video-decoder-webm-vp8: 9c59270c3fd7afecdb556c50c9e8de78 -> 
  custom:audio-decoder-ogg-vorbis: bf7c407c2cedff20999df2af8eb42d56 -> 
  custom:audio-encoder-webm-vorbis: bf7c407c2cedff20999df2af8eb42d56 -> 
========================================================================
Received Prepare
Refreshing native plugins compatible for Editor in 29.32 ms, found 7 plugins.
Preloading 0 native plugins for Editor in 0.00 ms.
Unloading 75 Unused Serialized files (Serialized files now loaded: 0)
System memory in use before: 43.7 MB.
System memory in use after: 43.8 MB.

Unloading 75 unused Assets to reduce memory usage. Loaded Objects now: 2102.
Total: 2.671300 ms (FindLiveObjects: 0.193000 ms CreateObjectMapping: 0.067500 ms MarkObjects: 2.380200 ms  DeleteObjects: 0.029500 ms)

AssetImportParameters requested are different than current active one (requested -> active):
  custom:framework-win-MediaFoundation: 216162199b28c13a410421893ffa2e32 -> 
  custom:video-decoder-ogg-theora: a1e56fd34408186e4bbccfd4996cb3dc -> 
  custom:container-muxer-webm: aa71ff27fc2769a1b78a27578f13a17b -> 
  custom:container-demuxer-webm: 4f35f7cbe854078d1ac9338744f61a02 -> 
  custom:container-demuxer-ogg: 62fdf1f143b41e24485cea50d1cbac27 -> 
  custom:video-encoder-webm-vp8: eb34c28f22e8b96e1ab97ce403110664 -> 
  custom:video-decoder-webm-vp8: 9c59270c3fd7afecdb556c50c9e8de78 -> 
  custom:audio-decoder-ogg-vorbis: bf7c407c2cedff20999df2af8eb42d56 -> 
  custom:audio-encoder-webm-vorbis: bf7c407c2cedff20999df2af8eb42d56 -> 
AssetImportWorkerClient::OnTransportError - code=2 error=End of file
